Initial: [inc(i, 1), inc(i, 1), inc(i, 1), inc(i, 1), inc(i, 1), inc(i, 1), inc(i, 1)]
1)Incuietori: [inc(i, 1), inc(i, 1), inc(i, 1), inc(i, 1), inc(i, 1), inc(i, 1), inc(i, 1)]
Cheie: dgggddd

2)Incuietori: [inc(d, 0), inc(i, 1), inc(i, 1), inc(i, 1), inc(d, 0), inc(d, 0), inc(d, 0)]
Cheie: gdggggg

3)Incuietori: [inc(d, 0), inc(d, 0), inc(i, 1), inc(i, 1), inc(d, 0), inc(d, 0), inc(d, 0)]
Cheie: gigddgg

4)Incuietori: [inc(d, 0), inc(i, 1), inc(i, 1), inc(d, 0), inc(d, 0), inc(d, 0), inc(d, 0)]
Cheie: gdggggg

5)Incuietori: [inc(d, 0), inc(d, 0), inc(i, 1), inc(d, 0), inc(d, 0), inc(d, 0), inc(d, 0)]
Cheie: dgggiid

6)Incuietori: [inc(d, 0), inc(d, 0), inc(i, 1), inc(d, 0), inc(i, 1), inc(i, 1), inc(d, 0)]
Cheie: gigddgg

7)Incuietori: [inc(d, 0), inc(i, 1), inc(i, 1), inc(d, 0), inc(d, 0), inc(i, 1), inc(d, 0)]
Cheie: gdggggg

8)Incuietori: [inc(d, 0), inc(d, 0), inc(i, 1), inc(d, 0), inc(d, 0), inc(i, 1), inc(d, 0)]
Cheie: idddgii

9)Incuietori: [inc(i, 1), inc(d, 0), inc(d, 0), inc(d, 0), inc(d, 0), inc(i, 2), inc(i, 2)]
Cheie: dgggddd

10)Incuietori: [inc(d, 0), inc(d, 0), inc(d, 0), inc(d, 0), inc(d, 0), inc(i, 1), inc(i, 1)]
Cheie: dgggddd

11)Incuietori: [inc(d, 0), inc(d, 0), inc(d, 0), inc(d, 0), inc(d, 0), inc(d, 0), inc(d, 0)]

Cost: 13